<?xml version="1.0" encoding="UTF-8"?>
<testsuite name="entities.CustomerTest" tests="1" skipped="0" failures="0" errors="0" timestamp="2020-03-12T10:04:27" hostname="guillaume-pc" time="0.004">
  <properties/>
  <testcase name="addToCart()" classname="entities.CustomerTest" time="0.004"/>
  <system-out><![CDATA[]]></system-out>
  <system-err><![CDATA[]]></system-err>
</testsuite>
